{"/Users/katyhosokawa/Desktop/csc307/AssignMate/packages/backend/database.js": {"path":"/Users/katyhosokawa/Desktop/csc307/AssignMate/packages/backend/database.js","statementMap":{"0":{"start":{"line":5,"column":19},"end":{"line":17,"column":1}},"1":{"start":{"line":19,"column":13},"end":{"line":19,"column":47}},"2":{"start":{"line":21,"column":18},"end":{"line":36,"column":1}},"3":{"start":{"line":38,"column":12},"end":{"line":38,"column":44}},"4":{"start":{"line":41,"column":20},"end":{"line":76,"column":1}},"5":{"start":{"line":78,"column":14},"end":{"line":78,"column":50}},"6":{"start":{"line":103,"column":19},"end":{"line":114,"column":1}},"7":{"start":{"line":116,"column":13},"end":{"line":116,"column":47}}},"fnMap":{},"branchMap":{},"s":{"0":1,"1":1,"2":1,"3":1,"4":1,"5":1,"6":1,"7":1},"f":{},"b":{},"_coverageSchema":"1a1c01bbd47fc00a2c39e90264f33305004495a9","hash":"3d81d4a55d3d11bb95af81268db9503672a1b11a"}
,"/Users/katyhosokawa/Desktop/csc307/AssignMate/packages/backend/services.js": {"path":"/Users/katyhosokawa/Desktop/csc307/AssignMate/packages/backend/services.js","statementMap":{"0":{"start":{"line":6,"column":35},"end":{"line":6,"column":48}},"1":{"start":{"line":8,"column":0},"end":{"line":8,"column":28}},"2":{"start":{"line":9,"column":0},"end":{"line":9,"column":16}},"3":{"start":{"line":10,"column":24},"end":{"line":10,"column":35}},"4":{"start":{"line":12,"column":0},"end":{"line":31,"column":5}},"5":{"start":{"line":18,"column":4},"end":{"line":18,"column":41}},"6":{"start":{"line":21,"column":4},"end":{"line":21,"column":68}},"7":{"start":{"line":22,"column":4},"end":{"line":22,"column":66}},"8":{"start":{"line":23,"column":4},"end":{"line":30,"column":9}},"9":{"start":{"line":29,"column":8},"end":{"line":29,"column":72}},"10":{"start":{"line":33,"column":0},"end":{"line":33,"column":38}},"11":{"start":{"line":36,"column":20},"end":{"line":36,"column":34}},"12":{"start":{"line":37,"column":18},"end":{"line":37,"column":34}},"13":{"start":{"line":38,"column":2},"end":{"line":38,"column":17}},"14":{"start":{"line":43,"column":2},"end":{"line":47,"column":3}},"15":{"start":{"line":44,"column":4},"end":{"line":44,"column":44}},"16":{"start":{"line":46,"column":4},"end":{"line":46,"column":26}},"17":{"start":{"line":48,"column":2},"end":{"line":48,"column":17}},"18":{"start":{"line":52,"column":2},"end":{"line":52,"column":51}},"19":{"start":{"line":56,"column":17},"end":{"line":56,"column":29}},"20":{"start":{"line":57,"column":18},"end":{"line":57,"column":31}},"21":{"start":{"line":58,"column":2},"end":{"line":58,"column":17}},"22":{"start":{"line":62,"column":18},"end":{"line":62,"column":61}},"23":{"start":{"line":63,"column":2},"end":{"line":63,"column":17}},"24":{"start":{"line":67,"column":18},"end":{"line":67,"column":46}},"25":{"start":{"line":68,"column":2},"end":{"line":68,"column":17}},"26":{"start":{"line":72,"column":2},"end":{"line":72,"column":49}},"27":{"start":{"line":77,"column":2},"end":{"line":81,"column":3}},"28":{"start":{"line":78,"column":4},"end":{"line":78,"column":71}},"29":{"start":{"line":80,"column":4},"end":{"line":80,"column":62}},"30":{"start":{"line":82,"column":2},"end":{"line":82,"column":17}},"31":{"start":{"line":87,"column":17},"end":{"line":90,"column":4}},"32":{"start":{"line":91,"column":22},"end":{"line":91,"column":24}},"33":{"start":{"line":92,"column":2},"end":{"line":98,"column":5}},"34":{"start":{"line":93,"column":21},"end":{"line":93,"column":26}},"35":{"start":{"line":94,"column":4},"end":{"line":96,"column":5}},"36":{"start":{"line":95,"column":6},"end":{"line":95,"column":29}},"37":{"start":{"line":97,"column":4},"end":{"line":97,"column":34}},"38":{"start":{"line":99,"column":2},"end":{"line":99,"column":21}},"39":{"start":{"line":102,"column":17},"end":{"line":121,"column":1}},"40":{"start":{"line":104,"column":15},"end":{"line":113,"column":3}},"41":{"start":{"line":106,"column":16},"end":{"line":106,"column":52}},"42":{"start":{"line":107,"column":6},"end":{"line":110,"column":7}},"43":{"start":{"line":108,"column":8},"end":{"line":108,"column":41}},"44":{"start":{"line":109,"column":8},"end":{"line":109,"column":25}},"45":{"start":{"line":111,"column":6},"end":{"line":111,"column":17}},"46":{"start":{"line":114,"column":16},"end":{"line":117,"column":4}},"47":{"start":{"line":119,"column":18},"end":{"line":119,"column":30}},"48":{"start":{"line":120,"column":2},"end":{"line":120,"column":17}},"49":{"start":{"line":124,"column":2},"end":{"line":124,"column":37}},"50":{"start":{"line":128,"column":18},"end":{"line":128,"column":32}},"51":{"start":{"line":129,"column":18},"end":{"line":129,"column":32}},"52":{"start":{"line":130,"column":2},"end":{"line":130,"column":17}},"53":{"start":{"line":134,"column":18},"end":{"line":134,"column":47}},"54":{"start":{"line":135,"column":2},"end":{"line":135,"column":17}},"55":{"start":{"line":139,"column":2},"end":{"line":139,"column":36}},"56":{"start":{"line":142,"column":20},"end":{"line":147,"column":1}},"57":{"start":{"line":143,"column":18},"end":{"line":145,"column":4}},"58":{"start":{"line":146,"column":2},"end":{"line":146,"column":17}}},"fnMap":{"0":{"name":"(anonymous_0)","decl":{"start":{"line":17,"column":8},"end":{"line":17,"column":9}},"loc":{"start":{"line":17,"column":14},"end":{"line":19,"column":3}},"line":17},"1":{"name":"(anonymous_1)","decl":{"start":{"line":20,"column":9},"end":{"line":20,"column":10}},"loc":{"start":{"line":20,"column":20},"end":{"line":31,"column":3}},"line":20},"2":{"name":"(anonymous_2)","decl":{"start":{"line":28,"column":13},"end":{"line":28,"column":14}},"loc":{"start":{"line":28,"column":24},"end":{"line":30,"column":7}},"line":28},"3":{"name":"addUser","decl":{"start":{"line":35,"column":9},"end":{"line":35,"column":16}},"loc":{"start":{"line":35,"column":23},"end":{"line":39,"column":1}},"line":35},"4":{"name":"getUser","decl":{"start":{"line":41,"column":9},"end":{"line":41,"column":16}},"loc":{"start":{"line":41,"column":23},"end":{"line":49,"column":1}},"line":41},"5":{"name":"deleteUser","decl":{"start":{"line":51,"column":9},"end":{"line":51,"column":19}},"loc":{"start":{"line":51,"column":26},"end":{"line":53,"column":1}},"line":51},"6":{"name":"addTag","decl":{"start":{"line":55,"column":9},"end":{"line":55,"column":15}},"loc":{"start":{"line":55,"column":21},"end":{"line":59,"column":1}},"line":55},"7":{"name":"getTag","decl":{"start":{"line":61,"column":9},"end":{"line":61,"column":15}},"loc":{"start":{"line":61,"column":31},"end":{"line":64,"column":1}},"line":61},"8":{"name":"getTags","decl":{"start":{"line":66,"column":9},"end":{"line":66,"column":16}},"loc":{"start":{"line":66,"column":23},"end":{"line":69,"column":1}},"line":66},"9":{"name":"deleteTag","decl":{"start":{"line":71,"column":9},"end":{"line":71,"column":18}},"loc":{"start":{"line":71,"column":28},"end":{"line":73,"column":1}},"line":71},"10":{"name":"getEvent","decl":{"start":{"line":75,"column":15},"end":{"line":75,"column":23}},"loc":{"start":{"line":75,"column":34},"end":{"line":83,"column":1}},"line":75},"11":{"name":"getEvents","decl":{"start":{"line":85,"column":15},"end":{"line":85,"column":24}},"loc":{"start":{"line":85,"column":31},"end":{"line":100,"column":1}},"line":85},"12":{"name":"(anonymous_12)","decl":{"start":{"line":92,"column":17},"end":{"line":92,"column":18}},"loc":{"start":{"line":92,"column":28},"end":{"line":98,"column":3}},"line":92},"13":{"name":"(anonymous_13)","decl":{"start":{"line":102,"column":17},"end":{"line":102,"column":18}},"loc":{"start":{"line":102,"column":38},"end":{"line":121,"column":1}},"line":102},"14":{"name":"(anonymous_14)","decl":{"start":{"line":105,"column":23},"end":{"line":105,"column":24}},"loc":{"start":{"line":105,"column":42},"end":{"line":112,"column":5}},"line":105},"15":{"name":"deleteEvent","decl":{"start":{"line":123,"column":9},"end":{"line":123,"column":20}},"loc":{"start":{"line":123,"column":25},"end":{"line":125,"column":1}},"line":123},"16":{"name":"addTask","decl":{"start":{"line":127,"column":9},"end":{"line":127,"column":16}},"loc":{"start":{"line":127,"column":23},"end":{"line":131,"column":1}},"line":127},"17":{"name":"getTasks","decl":{"start":{"line":133,"column":9},"end":{"line":133,"column":17}},"loc":{"start":{"line":133,"column":24},"end":{"line":136,"column":1}},"line":133},"18":{"name":"deleteTask","decl":{"start":{"line":138,"column":9},"end":{"line":138,"column":19}},"loc":{"start":{"line":138,"column":24},"end":{"line":140,"column":1}},"line":138},"19":{"name":"(anonymous_19)","decl":{"start":{"line":142,"column":20},"end":{"line":142,"column":21}},"loc":{"start":{"line":142,"column":53},"end":{"line":147,"column":1}},"line":142}},"branchMap":{"0":{"loc":{"start":{"line":43,"column":2},"end":{"line":47,"column":3}},"type":"if","locations":[{"start":{"line":43,"column":2},"end":{"line":47,"column":3}},{"start":{"line":45,"column":9},"end":{"line":47,"column":3}}],"line":43},"1":{"loc":{"start":{"line":77,"column":2},"end":{"line":81,"column":3}},"type":"if","locations":[{"start":{"line":77,"column":2},"end":{"line":81,"column":3}},{"start":{"line":79,"column":9},"end":{"line":81,"column":3}}],"line":77},"2":{"loc":{"start":{"line":94,"column":4},"end":{"line":96,"column":5}},"type":"if","locations":[{"start":{"line":94,"column":4},"end":{"line":96,"column":5}},{"start":{},"end":{}}],"line":94},"3":{"loc":{"start":{"line":107,"column":6},"end":{"line":110,"column":7}},"type":"if","locations":[{"start":{"line":107,"column":6},"end":{"line":110,"column":7}},{"start":{},"end":{}}],"line":107}},"s":{"0":1,"1":1,"2":1,"3":1,"4":1,"5":1,"6":0,"7":0,"8":0,"9":0,"10":1,"11":1,"12":1,"13":1,"14":4,"15":2,"16":2,"17":4,"18":2,"19":1,"20":1,"21":1,"22":1,"23":1,"24":1,"25":1,"26":1,"27":5,"28":1,"29":4,"30":5,"31":1,"32":1,"33":1,"34":1,"35":1,"36":1,"37":1,"38":1,"39":1,"40":2,"41":2,"42":2,"43":1,"44":1,"45":2,"46":2,"47":2,"48":2,"49":4,"50":1,"51":1,"52":1,"53":1,"54":1,"55":1,"56":1,"57":1,"58":1},"f":{"0":1,"1":0,"2":0,"3":1,"4":4,"5":2,"6":1,"7":1,"8":1,"9":1,"10":5,"11":1,"12":1,"13":2,"14":2,"15":4,"16":1,"17":1,"18":1,"19":1},"b":{"0":[2,2],"1":[1,4],"2":[1,0],"3":[1,1]},"_coverageSchema":"1a1c01bbd47fc00a2c39e90264f33305004495a9","hash":"9500317efcc9afce0564fbf9247ec38405466123"}
}
