{
  "/Users/katyhosokawa/Desktop/csc307/AssignMate/packages/backend/database.js": {
    "path": "/Users/katyhosokawa/Desktop/csc307/AssignMate/packages/backend/database.js",
    "statementMap": {
      "0": {
        "start": { "line": 5, "column": 19 },
        "end": { "line": 17, "column": 1 }
      },
      "1": {
        "start": { "line": 19, "column": 13 },
        "end": { "line": 19, "column": 47 }
      },
      "2": {
        "start": { "line": 21, "column": 18 },
        "end": { "line": 36, "column": 1 }
      },
      "3": {
        "start": { "line": 38, "column": 12 },
        "end": { "line": 38, "column": 44 }
      },
      "4": {
        "start": { "line": 41, "column": 20 },
        "end": { "line": 76, "column": 1 }
      },
      "5": {
        "start": { "line": 78, "column": 14 },
        "end": { "line": 78, "column": 50 }
      },
      "6": {
        "start": { "line": 103, "column": 19 },
        "end": { "line": 114, "column": 1 }
      },
      "7": {
        "start": { "line": 116, "column": 13 },
        "end": { "line": 116, "column": 47 }
      }
    },
    "fnMap": {},
    "branchMap": {},
    "s": { "0": 1, "1": 1, "2": 1, "3": 1, "4": 1, "5": 1, "6": 1, "7": 1 },
    "f": {},
    "b": {},
    "_coverageSchema": "1a1c01bbd47fc00a2c39e90264f33305004495a9",
    "hash": "3d81d4a55d3d11bb95af81268db9503672a1b11a"
  },
  "/Users/katyhosokawa/Desktop/csc307/AssignMate/packages/backend/services.js": {
    "path": "/Users/katyhosokawa/Desktop/csc307/AssignMate/packages/backend/services.js",
    "statementMap": {
      "0": {
        "start": { "line": 6, "column": 35 },
        "end": { "line": 6, "column": 48 }
      },
      "1": {
        "start": { "line": 8, "column": 0 },
        "end": { "line": 8, "column": 28 }
      },
      "2": {
        "start": { "line": 9, "column": 0 },
        "end": { "line": 9, "column": 16 }
      },
      "3": {
        "start": { "line": 10, "column": 24 },
        "end": { "line": 10, "column": 35 }
      },
      "4": {
        "start": { "line": 12, "column": 0 },
        "end": { "line": 31, "column": 5 }
      },
      "5": {
        "start": { "line": 18, "column": 4 },
        "end": { "line": 18, "column": 41 }
      },
      "6": {
        "start": { "line": 21, "column": 4 },
        "end": { "line": 21, "column": 68 }
      },
      "7": {
        "start": { "line": 22, "column": 4 },
        "end": { "line": 22, "column": 66 }
      },
      "8": {
        "start": { "line": 23, "column": 4 },
        "end": { "line": 30, "column": 9 }
      },
      "9": {
        "start": { "line": 29, "column": 8 },
        "end": { "line": 29, "column": 72 }
      },
      "10": {
        "start": { "line": 33, "column": 0 },
        "end": { "line": 33, "column": 38 }
      },
      "11": {
        "start": { "line": 36, "column": 20 },
        "end": { "line": 36, "column": 34 }
      },
      "12": {
        "start": { "line": 37, "column": 18 },
        "end": { "line": 37, "column": 34 }
      },
      "13": {
        "start": { "line": 38, "column": 2 },
        "end": { "line": 38, "column": 17 }
      },
      "14": {
        "start": { "line": 43, "column": 2 },
        "end": { "line": 47, "column": 3 }
      },
      "15": {
        "start": { "line": 44, "column": 4 },
        "end": { "line": 44, "column": 44 }
      },
      "16": {
        "start": { "line": 46, "column": 4 },
        "end": { "line": 46, "column": 26 }
      },
      "17": {
        "start": { "line": 48, "column": 2 },
        "end": { "line": 48, "column": 17 }
      },
      "18": {
        "start": { "line": 52, "column": 2 },
        "end": { "line": 52, "column": 51 }
      },
      "19": {
        "start": { "line": 56, "column": 17 },
        "end": { "line": 56, "column": 29 }
      },
      "20": {
        "start": { "line": 57, "column": 18 },
        "end": { "line": 57, "column": 31 }
      },
      "21": {
        "start": { "line": 58, "column": 2 },
        "end": { "line": 58, "column": 17 }
      },
      "22": {
        "start": { "line": 71, "column": 18 },
        "end": { "line": 71, "column": 46 }
      },
      "23": {
        "start": { "line": 72, "column": 2 },
        "end": { "line": 72, "column": 17 }
      },
      "24": {
        "start": { "line": 76, "column": 2 },
        "end": { "line": 76, "column": 49 }
      },
      "25": {
        "start": { "line": 81, "column": 2 },
        "end": { "line": 85, "column": 3 }
      },
      "26": {
        "start": { "line": 82, "column": 4 },
        "end": { "line": 82, "column": 71 }
      },
      "27": {
        "start": { "line": 84, "column": 4 },
        "end": { "line": 84, "column": 62 }
      },
      "28": {
        "start": { "line": 86, "column": 2 },
        "end": { "line": 86, "column": 17 }
      },
      "29": {
        "start": { "line": 91, "column": 17 },
        "end": { "line": 94, "column": 4 }
      },
      "30": {
        "start": { "line": 95, "column": 22 },
        "end": { "line": 95, "column": 24 }
      },
      "31": {
        "start": { "line": 96, "column": 2 },
        "end": { "line": 102, "column": 5 }
      },
      "32": {
        "start": { "line": 97, "column": 21 },
        "end": { "line": 97, "column": 26 }
      },
      "33": {
        "start": { "line": 98, "column": 4 },
        "end": { "line": 100, "column": 5 }
      },
      "34": {
        "start": { "line": 99, "column": 6 },
        "end": { "line": 99, "column": 29 }
      },
      "35": {
        "start": { "line": 101, "column": 4 },
        "end": { "line": 101, "column": 34 }
      },
      "36": {
        "start": { "line": 103, "column": 2 },
        "end": { "line": 103, "column": 21 }
      },
      "37": {
        "start": { "line": 106, "column": 17 },
        "end": { "line": 132, "column": 1 }
      },
      "38": {
        "start": { "line": 107, "column": 2 },
        "end": { "line": 131, "column": 3 }
      },
      "39": {
        "start": { "line": 109, "column": 17 },
        "end": { "line": 118, "column": 5 }
      },
      "40": {
        "start": { "line": 111, "column": 18 },
        "end": { "line": 111, "column": 54 }
      },
      "41": {
        "start": { "line": 112, "column": 8 },
        "end": { "line": 115, "column": 9 }
      },
      "42": {
        "start": { "line": 113, "column": 10 },
        "end": { "line": 113, "column": 43 }
      },
      "43": {
        "start": { "line": 114, "column": 10 },
        "end": { "line": 114, "column": 27 }
      },
      "44": {
        "start": { "line": 116, "column": 8 },
        "end": { "line": 116, "column": 19 }
      },
      "45": {
        "start": { "line": 120, "column": 4 },
        "end": { "line": 120, "column": 32 }
      },
      "46": {
        "start": { "line": 122, "column": 18 },
        "end": { "line": 125, "column": 6 }
      },
      "47": {
        "start": { "line": 127, "column": 4 },
        "end": { "line": 127, "column": 23 }
      },
      "48": {
        "start": { "line": 128, "column": 4 },
        "end": { "line": 128, "column": 17 }
      },
      "49": {
        "start": { "line": 130, "column": 4 },
        "end": { "line": 130, "column": 62 }
      },
      "50": {
        "start": { "line": 135, "column": 2 },
        "end": { "line": 135, "column": 37 }
      },
      "51": {
        "start": { "line": 139, "column": 18 },
        "end": { "line": 139, "column": 32 }
      },
      "52": {
        "start": { "line": 140, "column": 18 },
        "end": { "line": 140, "column": 32 }
      },
      "53": {
        "start": { "line": 141, "column": 2 },
        "end": { "line": 141, "column": 17 }
      },
      "54": {
        "start": { "line": 145, "column": 18 },
        "end": { "line": 145, "column": 47 }
      },
      "55": {
        "start": { "line": 146, "column": 2 },
        "end": { "line": 146, "column": 17 }
      },
      "56": {
        "start": { "line": 150, "column": 2 },
        "end": { "line": 150, "column": 36 }
      },
      "57": {
        "start": { "line": 153, "column": 20 },
        "end": { "line": 162, "column": 1 }
      },
      "58": {
        "start": { "line": 154, "column": 2 },
        "end": { "line": 161, "column": 3 }
      },
      "59": {
        "start": { "line": 155, "column": 18 },
        "end": { "line": 157, "column": 6 }
      },
      "60": {
        "start": { "line": 158, "column": 4 },
        "end": { "line": 158, "column": 17 }
      },
      "61": {
        "start": { "line": 160, "column": 4 },
        "end": { "line": 160, "column": 64 }
      }
    },
    "fnMap": {
      "0": {
        "name": "(anonymous_0)",
        "decl": {
          "start": { "line": 17, "column": 8 },
          "end": { "line": 17, "column": 9 }
        },
        "loc": {
          "start": { "line": 17, "column": 14 },
          "end": { "line": 19, "column": 3 }
        },
        "line": 17
      },
      "1": {
        "name": "(anonymous_1)",
        "decl": {
          "start": { "line": 20, "column": 9 },
          "end": { "line": 20, "column": 10 }
        },
        "loc": {
          "start": { "line": 20, "column": 20 },
          "end": { "line": 31, "column": 3 }
        },
        "line": 20
      },
      "2": {
        "name": "(anonymous_2)",
        "decl": {
          "start": { "line": 28, "column": 13 },
          "end": { "line": 28, "column": 14 }
        },
        "loc": {
          "start": { "line": 28, "column": 24 },
          "end": { "line": 30, "column": 7 }
        },
        "line": 28
      },
      "3": {
        "name": "addUser",
        "decl": {
          "start": { "line": 35, "column": 9 },
          "end": { "line": 35, "column": 16 }
        },
        "loc": {
          "start": { "line": 35, "column": 23 },
          "end": { "line": 39, "column": 1 }
        },
        "line": 35
      },
      "4": {
        "name": "getUser",
        "decl": {
          "start": { "line": 41, "column": 9 },
          "end": { "line": 41, "column": 16 }
        },
        "loc": {
          "start": { "line": 41, "column": 23 },
          "end": { "line": 49, "column": 1 }
        },
        "line": 41
      },
      "5": {
        "name": "deleteUser",
        "decl": {
          "start": { "line": 51, "column": 9 },
          "end": { "line": 51, "column": 19 }
        },
        "loc": {
          "start": { "line": 51, "column": 26 },
          "end": { "line": 53, "column": 1 }
        },
        "line": 51
      },
      "6": {
        "name": "addTag",
        "decl": {
          "start": { "line": 55, "column": 9 },
          "end": { "line": 55, "column": 15 }
        },
        "loc": {
          "start": { "line": 55, "column": 21 },
          "end": { "line": 59, "column": 1 }
        },
        "line": 55
      },
      "7": {
        "name": "getTags",
        "decl": {
          "start": { "line": 70, "column": 9 },
          "end": { "line": 70, "column": 16 }
        },
        "loc": {
          "start": { "line": 70, "column": 23 },
          "end": { "line": 73, "column": 1 }
        },
        "line": 70
      },
      "8": {
        "name": "deleteTag",
        "decl": {
          "start": { "line": 75, "column": 9 },
          "end": { "line": 75, "column": 18 }
        },
        "loc": {
          "start": { "line": 75, "column": 28 },
          "end": { "line": 77, "column": 1 }
        },
        "line": 75
      },
      "9": {
        "name": "getEvent",
        "decl": {
          "start": { "line": 79, "column": 15 },
          "end": { "line": 79, "column": 23 }
        },
        "loc": {
          "start": { "line": 79, "column": 34 },
          "end": { "line": 87, "column": 1 }
        },
        "line": 79
      },
      "10": {
        "name": "getEvents",
        "decl": {
          "start": { "line": 89, "column": 15 },
          "end": { "line": 89, "column": 24 }
        },
        "loc": {
          "start": { "line": 89, "column": 31 },
          "end": { "line": 104, "column": 1 }
        },
        "line": 89
      },
      "11": {
        "name": "(anonymous_11)",
        "decl": {
          "start": { "line": 96, "column": 17 },
          "end": { "line": 96, "column": 18 }
        },
        "loc": {
          "start": { "line": 96, "column": 28 },
          "end": { "line": 102, "column": 3 }
        },
        "line": 96
      },
      "12": {
        "name": "(anonymous_12)",
        "decl": {
          "start": { "line": 106, "column": 17 },
          "end": { "line": 106, "column": 18 }
        },
        "loc": {
          "start": { "line": 106, "column": 38 },
          "end": { "line": 132, "column": 1 }
        },
        "line": 106
      },
      "13": {
        "name": "(anonymous_13)",
        "decl": {
          "start": { "line": 110, "column": 25 },
          "end": { "line": 110, "column": 26 }
        },
        "loc": {
          "start": { "line": 110, "column": 44 },
          "end": { "line": 117, "column": 7 }
        },
        "line": 110
      },
      "14": {
        "name": "deleteEvent",
        "decl": {
          "start": { "line": 134, "column": 9 },
          "end": { "line": 134, "column": 20 }
        },
        "loc": {
          "start": { "line": 134, "column": 25 },
          "end": { "line": 136, "column": 1 }
        },
        "line": 134
      },
      "15": {
        "name": "addTask",
        "decl": {
          "start": { "line": 138, "column": 9 },
          "end": { "line": 138, "column": 16 }
        },
        "loc": {
          "start": { "line": 138, "column": 23 },
          "end": { "line": 142, "column": 1 }
        },
        "line": 138
      },
      "16": {
        "name": "getTasks",
        "decl": {
          "start": { "line": 144, "column": 9 },
          "end": { "line": 144, "column": 17 }
        },
        "loc": {
          "start": { "line": 144, "column": 24 },
          "end": { "line": 147, "column": 1 }
        },
        "line": 144
      },
      "17": {
        "name": "deleteTask",
        "decl": {
          "start": { "line": 149, "column": 9 },
          "end": { "line": 149, "column": 19 }
        },
        "loc": {
          "start": { "line": 149, "column": 24 },
          "end": { "line": 151, "column": 1 }
        },
        "line": 149
      },
      "18": {
        "name": "(anonymous_18)",
        "decl": {
          "start": { "line": 153, "column": 20 },
          "end": { "line": 153, "column": 21 }
        },
        "loc": {
          "start": { "line": 153, "column": 53 },
          "end": { "line": 162, "column": 1 }
        },
        "line": 153
      }
    },
    "branchMap": {
      "0": {
        "loc": {
          "start": { "line": 43, "column": 2 },
          "end": { "line": 47, "column": 3 }
        },
        "type": "if",
        "locations": [
          {
            "start": { "line": 43, "column": 2 },
            "end": { "line": 47, "column": 3 }
          },
          {
            "start": { "line": 45, "column": 9 },
            "end": { "line": 47, "column": 3 }
          }
        ],
        "line": 43
      },
      "1": {
        "loc": {
          "start": { "line": 81, "column": 2 },
          "end": { "line": 85, "column": 3 }
        },
        "type": "if",
        "locations": [
          {
            "start": { "line": 81, "column": 2 },
            "end": { "line": 85, "column": 3 }
          },
          {
            "start": { "line": 83, "column": 9 },
            "end": { "line": 85, "column": 3 }
          }
        ],
        "line": 81
      },
      "2": {
        "loc": {
          "start": { "line": 98, "column": 4 },
          "end": { "line": 100, "column": 5 }
        },
        "type": "if",
        "locations": [
          {
            "start": { "line": 98, "column": 4 },
            "end": { "line": 100, "column": 5 }
          },
          { "start": {}, "end": {} }
        ],
        "line": 98
      },
      "3": {
        "loc": {
          "start": { "line": 112, "column": 8 },
          "end": { "line": 115, "column": 9 }
        },
        "type": "if",
        "locations": [
          {
            "start": { "line": 112, "column": 8 },
            "end": { "line": 115, "column": 9 }
          },
          { "start": {}, "end": {} }
        ],
        "line": 112
      }
    },
    "s": {
      "0": 1,
      "1": 1,
      "2": 1,
      "3": 1,
      "4": 1,
      "5": 1,
      "6": 0,
      "7": 0,
      "8": 0,
      "9": 0,
      "10": 1,
      "11": 1,
      "12": 1,
      "13": 1,
      "14": 0,
      "15": 0,
      "16": 0,
      "17": 0,
      "18": 1,
      "19": 1,
      "20": 1,
      "21": 1,
      "22": 3,
      "23": 3,
      "24": 1,
      "25": 4,
      "26": 0,
      "27": 4,
      "28": 4,
      "29": 1,
      "30": 1,
      "31": 1,
      "32": 10,
      "33": 10,
      "34": 2,
      "35": 10,
      "36": 1,
      "37": 1,
      "38": 1,
      "39": 1,
      "40": 0,
      "41": 0,
      "42": 0,
      "43": 0,
      "44": 0,
      "45": 0,
      "46": 0,
      "47": 0,
      "48": 0,
      "49": 1,
      "50": 1,
      "51": 1,
      "52": 1,
      "53": 1,
      "54": 0,
      "55": 0,
      "56": 0,
      "57": 1,
      "58": 0,
      "59": 0,
      "60": 0,
      "61": 0
    },
    "f": {
      "0": 1,
      "1": 0,
      "2": 0,
      "3": 1,
      "4": 0,
      "5": 1,
      "6": 1,
      "7": 3,
      "8": 1,
      "9": 4,
      "10": 1,
      "11": 10,
      "12": 1,
      "13": 0,
      "14": 1,
      "15": 1,
      "16": 0,
      "17": 0,
      "18": 0
    },
    "b": { "0": [0, 0], "1": [0, 4], "2": [2, 8], "3": [0, 0] },
    "_coverageSchema": "1a1c01bbd47fc00a2c39e90264f33305004495a9",
    "hash": "e13e395ed04fad9bd8aae69796d1abcf5e05e098"
  }
}
