TN:
SF:database.js
FNF:0
FNH:0
DA:5,1
DA:19,1
DA:21,1
DA:38,1
DA:41,1
DA:78,1
DA:103,1
DA:116,1
LF:8
LH:8
BRF:0
BRH:0
end_of_record
TN:
SF:services.js
FN:17,(anonymous_0)
FN:20,(anonymous_1)
FN:28,(anonymous_2)
FN:35,addUser
FN:41,getUser
FN:51,deleteUser
FN:55,addTag
FN:61,getTag
FN:66,getTags
FN:71,deleteTag
FN:75,getEvent
FN:85,getEvents
FN:92,(anonymous_12)
FN:102,(anonymous_13)
FN:105,(anonymous_14)
FN:123,deleteEvent
FN:127,addTask
FN:133,getTasks
FN:138,deleteTask
FN:142,(anonymous_19)
FNF:20
FNH:18
FNDA:1,(anonymous_0)
FNDA:0,(anonymous_1)
FNDA:0,(anonymous_2)
FNDA:1,addUser
FNDA:4,getUser
FNDA:2,deleteUser
FNDA:1,addTag
FNDA:1,getTag
FNDA:1,getTags
FNDA:1,deleteTag
FNDA:5,getEvent
FNDA:1,getEvents
FNDA:1,(anonymous_12)
FNDA:2,(anonymous_13)
FNDA:2,(anonymous_14)
FNDA:4,deleteEvent
FNDA:1,addTask
FNDA:1,getTasks
FNDA:1,deleteTask
FNDA:1,(anonymous_19)
DA:6,1
DA:8,1
DA:9,1
DA:10,1
DA:12,1
DA:18,1
DA:21,0
DA:22,0
DA:23,0
DA:29,0
DA:33,1
DA:36,1
DA:37,1
DA:38,1
DA:43,4
DA:44,2
DA:46,2
DA:48,4
DA:52,2
DA:56,1
DA:57,1
DA:58,1
DA:62,1
DA:63,1
DA:67,1
DA:68,1
DA:72,1
DA:77,5
DA:78,1
DA:80,4
DA:82,5
DA:87,1
DA:91,1
DA:92,1
DA:93,1
DA:94,1
DA:95,1
DA:97,1
DA:99,1
DA:102,1
DA:104,2
DA:106,2
DA:107,2
DA:108,1
DA:109,1
DA:111,2
DA:114,2
DA:119,2
DA:120,2
DA:124,4
DA:128,1
DA:129,1
DA:130,1
DA:134,1
DA:135,1
DA:139,1
DA:142,1
DA:143,1
DA:146,1
LF:59
LH:55
BRDA:43,0,0,2
BRDA:43,0,1,2
BRDA:77,1,0,1
BRDA:77,1,1,4
BRDA:94,2,0,1
BRDA:94,2,1,0
BRDA:107,3,0,1
BRDA:107,3,1,1
BRF:8
BRH:7
end_of_record
