TN:
SF:database.js
FNF:0
FNH:0
DA:5,1
DA:19,1
DA:21,1
DA:38,1
DA:41,1
DA:78,1
DA:103,1
DA:116,1
LF:8
LH:8
BRF:0
BRH:0
end_of_record
TN:
SF:services.js
FN:35,addUser
FN:41,getUser
FN:51,deleteUser
FN:55,addTag
FN:61,getTag
FN:66,getTags
FN:71,deleteTag
FN:75,getEvent
FN:85,getEvents
FN:91,(anonymous_9)
FN:93,(anonymous_10)
FN:104,(anonymous_11)
FN:107,(anonymous_12)
FN:125,deleteEvent
FN:129,addTask
FN:135,getTasks
FN:140,deleteTask
FN:144,(anonymous_17)
FNF:18
FNH:18
FNDA:1,addUser
FNDA:4,getUser
FNDA:2,deleteUser
FNDA:1,addTag
FNDA:1,getTag
FNDA:1,getTags
FNDA:1,deleteTag
FNDA:5,getEvent
FNDA:3,getEvents
FNDA:3,(anonymous_9)
FNDA:3,(anonymous_10)
FNDA:4,(anonymous_11)
FNDA:2,(anonymous_12)
FNDA:6,deleteEvent
FNDA:1,addTask
FNDA:2,getTasks
FNDA:1,deleteTask
FNDA:1,(anonymous_17)
DA:6,1
DA:8,1
DA:9,1
DA:10,1
DA:33,1
DA:36,1
DA:37,1
DA:38,1
DA:43,4
DA:44,2
DA:46,2
DA:48,4
DA:52,2
DA:56,1
DA:57,1
DA:58,1
DA:62,1
DA:63,1
DA:67,1
DA:68,1
DA:72,1
DA:77,5
DA:78,1
DA:80,4
DA:82,5
DA:86,3
DA:92,3
DA:93,3
DA:94,3
DA:95,3
DA:96,2
DA:98,3
DA:100,3
DA:104,1
DA:106,4
DA:108,2
DA:109,2
DA:110,1
DA:111,1
DA:113,2
DA:116,4
DA:121,4
DA:122,4
DA:126,6
DA:130,1
DA:131,1
DA:132,1
DA:136,2
DA:137,2
DA:141,1
DA:144,1
DA:145,1
DA:148,1
LF:53
LH:53
BRDA:43,0,0,2
BRDA:43,0,1,2
BRDA:77,1,0,1
BRDA:77,1,1,4
BRDA:95,2,0,2
BRDA:95,2,1,1
BRDA:109,3,0,1
BRDA:109,3,1,1
BRF:8
BRH:8
end_of_record
